22/12/2021, 12:41:34 - INFO - Server is running on port: 3030 
22/12/2021, 12:44:11 - ERROR - Cannot get boards | ReferenceError: logger is not defined (sid: jpbFPcLzsepizla6HbONpVUYRwdJbS68)
22/12/2021, 12:44:32 - ERROR - Cannot get boards | ReferenceError: logger is not defined (sid: rdOiQNgnSGl-y32kzrnrgPi6WSQfSoVr)
22/12/2021, 12:44:58 - ERROR - Failed to add board | ReferenceError: logger is not defined (sid: jpbFPcLzsepizla6HbONpVUYRwdJbS68)
31/12/2021, 21:36:12 - INFO - Server is running on port: 3030 
31/12/2021, 21:41:07 - ERROR - Cannot get boards | ReferenceError: logger is not defined (sid: sGWPqezM46_GcU4Uir6mcfZLlDrxg0GA)
31/12/2021, 21:41:28 - ERROR - Cannot get boards | ReferenceError: logger is not defined (sid: sNgSyjeqdNI1-UXg_Oln-MVWCG9WoJ6m)
31/12/2021, 21:41:43 - ERROR - Cannot get boards | ReferenceError: logger is not defined (sid: sGWPqezM46_GcU4Uir6mcfZLlDrxg0GA)
31/12/2021, 21:42:33 - INFO - Server is running on port: 3030 
31/12/2021, 21:43:03 - INFO - Server is running on port: 3030 
31/12/2021, 21:43:30 - INFO - Server is running on port: 3030 
31/12/2021, 21:43:50 - INFO - Server is running on port: 3030 
31/12/2021, 21:44:03 - INFO - Server is running on port: 3030 
31/12/2021, 21:44:28 - INFO - Server is running on port: 3030 
31/12/2021, 21:44:40 - INFO - Server is running on port: 3030 
01/01/2022, 10:30:15 - INFO - Server is running on port: 3030 
01/01/2022, 17:26:23 - INFO - Server is running on port: 3030 
01/01/2022, 22:29:31 - INFO - Server is running on port: 3030 
03/01/2022, 22:38:06 - INFO - Server is running on port: 3030 
06/01/2022, 17:57:40 - INFO - Server is running on port: 3030 
07/01/2022, 1:55:44 - INFO - Server is running on port: 3030 
07/01/2022, 2:01:32 - ERROR - Cannot get boards | ReferenceError: logger is not defined (sid: ucjKZaJZcyz2VleuqbwXBFnxRo3SwZc3)
07/01/2022, 2:03:26 - ERROR - Cannot get boards | ReferenceError: logger is not defined (sid: ucjKZaJZcyz2VleuqbwXBFnxRo3SwZc3)
07/01/2022, 2:03:53 - ERROR - Cannot get boards | ReferenceError: logger is not defined (sid: ucjKZaJZcyz2VleuqbwXBFnxRo3SwZc3)
07/01/2022, 2:04:45 - ERROR - Cannot get boards | ReferenceError: logger is not defined (sid: ucjKZaJZcyz2VleuqbwXBFnxRo3SwZc3)
07/01/2022, 2:05:32 - ERROR - Cannot get boards | ReferenceError: logger is not defined (sid: ucjKZaJZcyz2VleuqbwXBFnxRo3SwZc3)
07/01/2022, 2:05:58 - ERROR - Cannot get boards | ReferenceError: logger is not defined (sid: ucjKZaJZcyz2VleuqbwXBFnxRo3SwZc3)
07/01/2022, 2:16:33 - ERROR - Cannot get boards | ReferenceError: logger is not defined (sid: ucjKZaJZcyz2VleuqbwXBFnxRo3SwZc3)
07/01/2022, 2:17:27 - ERROR - Cannot get boards | ReferenceError: logger is not defined (sid: ucjKZaJZcyz2VleuqbwXBFnxRo3SwZc3)
07/01/2022, 2:17:47 - ERROR - Cannot get boards | ReferenceError: logger is not defined (sid: ucjKZaJZcyz2VleuqbwXBFnxRo3SwZc3)
07/01/2022, 2:23:56 - ERROR - Cannot get boards | ReferenceError: logger is not defined (sid: ucjKZaJZcyz2VleuqbwXBFnxRo3SwZc3)
07/01/2022, 2:24:39 - ERROR - Cannot get boards | ReferenceError: logger is not defined (sid: ucjKZaJZcyz2VleuqbwXBFnxRo3SwZc3)
07/01/2022, 2:24:55 - ERROR - Cannot get boards | ReferenceError: logger is not defined (sid: ucjKZaJZcyz2VleuqbwXBFnxRo3SwZc3)
07/01/2022, 2:25:25 - ERROR - Cannot get boards | ReferenceError: logger is not defined (sid: ucjKZaJZcyz2VleuqbwXBFnxRo3SwZc3)
07/01/2022, 2:25:32 - ERROR - Cannot get boards | ReferenceError: logger is not defined (sid: ucjKZaJZcyz2VleuqbwXBFnxRo3SwZc3)
07/01/2022, 2:26:01 - ERROR - Cannot get boards | ReferenceError: logger is not defined (sid: ucjKZaJZcyz2VleuqbwXBFnxRo3SwZc3)
07/01/2022, 2:26:16 - ERROR - Cannot get boards | ReferenceError: logger is not defined (sid: ucjKZaJZcyz2VleuqbwXBFnxRo3SwZc3)
07/01/2022, 2:27:32 - ERROR - Cannot get boards | ReferenceError: logger is not defined (sid: ucjKZaJZcyz2VleuqbwXBFnxRo3SwZc3)
07/01/2022, 2:28:01 - ERROR - Cannot get boards | ReferenceError: logger is not defined (sid: ucjKZaJZcyz2VleuqbwXBFnxRo3SwZc3)
07/01/2022, 2:29:04 - ERROR - Cannot get boards | ReferenceError: logger is not defined (sid: ucjKZaJZcyz2VleuqbwXBFnxRo3SwZc3)
07/01/2022, 2:29:14 - ERROR - Cannot get boards | ReferenceError: logger is not defined (sid: ucjKZaJZcyz2VleuqbwXBFnxRo3SwZc3)
07/01/2022, 2:29:44 - ERROR - Cannot get boards | ReferenceError: logger is not defined (sid: ucjKZaJZcyz2VleuqbwXBFnxRo3SwZc3)
07/01/2022, 2:30:01 - ERROR - Cannot get boards | ReferenceError: logger is not defined (sid: ucjKZaJZcyz2VleuqbwXBFnxRo3SwZc3)
07/01/2022, 2:30:19 - ERROR - Cannot get boards | ReferenceError: logger is not defined (sid: ucjKZaJZcyz2VleuqbwXBFnxRo3SwZc3)
07/01/2022, 2:31:03 - ERROR - Cannot get boards | ReferenceError: logger is not defined (sid: ucjKZaJZcyz2VleuqbwXBFnxRo3SwZc3)
07/01/2022, 2:31:27 - ERROR - Cannot get boards | ReferenceError: logger is not defined (sid: ucjKZaJZcyz2VleuqbwXBFnxRo3SwZc3)
07/01/2022, 2:31:57 - ERROR - Cannot get boards | ReferenceError: logger is not defined (sid: ucjKZaJZcyz2VleuqbwXBFnxRo3SwZc3)
07/01/2022, 2:33:07 - ERROR - Cannot get boards | ReferenceError: logger is not defined (sid: ucjKZaJZcyz2VleuqbwXBFnxRo3SwZc3)
07/01/2022, 2:33:41 - ERROR - Cannot get boards | ReferenceError: logger is not defined (sid: ucjKZaJZcyz2VleuqbwXBFnxRo3SwZc3)
07/01/2022, 2:35:05 - ERROR - Cannot get boards | ReferenceError: logger is not defined (sid: ucjKZaJZcyz2VleuqbwXBFnxRo3SwZc3)
07/01/2022, 2:36:24 - ERROR - Cannot get boards | ReferenceError: logger is not defined (sid: ucjKZaJZcyz2VleuqbwXBFnxRo3SwZc3)
07/01/2022, 2:36:54 - ERROR - Cannot get boards | ReferenceError: logger is not defined (sid: ucjKZaJZcyz2VleuqbwXBFnxRo3SwZc3)
07/01/2022, 2:37:36 - ERROR - Cannot get boards | ReferenceError: logger is not defined (sid: ucjKZaJZcyz2VleuqbwXBFnxRo3SwZc3)
07/01/2022, 2:38:40 - ERROR - Cannot get boards | ReferenceError: logger is not defined (sid: ucjKZaJZcyz2VleuqbwXBFnxRo3SwZc3)
07/01/2022, 2:39:02 - ERROR - Cannot get boards | ReferenceError: logger is not defined (sid: ucjKZaJZcyz2VleuqbwXBFnxRo3SwZc3)
07/01/2022, 2:39:50 - ERROR - Cannot get boards | ReferenceError: logger is not defined (sid: ucjKZaJZcyz2VleuqbwXBFnxRo3SwZc3)
07/01/2022, 2:41:51 - ERROR - Cannot get boards | ReferenceError: logger is not defined (sid: ucjKZaJZcyz2VleuqbwXBFnxRo3SwZc3)
07/01/2022, 2:42:06 - ERROR - Cannot get boards | ReferenceError: logger is not defined (sid: ucjKZaJZcyz2VleuqbwXBFnxRo3SwZc3)
07/01/2022, 2:43:21 - ERROR - Cannot get boards | ReferenceError: logger is not defined (sid: ucjKZaJZcyz2VleuqbwXBFnxRo3SwZc3)
07/01/2022, 2:47:02 - ERROR - Cannot get boards | ReferenceError: logger is not defined (sid: ucjKZaJZcyz2VleuqbwXBFnxRo3SwZc3)
07/01/2022, 2:47:10 - ERROR - Cannot get boards | ReferenceError: logger is not defined (sid: ucjKZaJZcyz2VleuqbwXBFnxRo3SwZc3)
07/01/2022, 2:48:56 - ERROR - Cannot get boards | ReferenceError: logger is not defined (sid: ucjKZaJZcyz2VleuqbwXBFnxRo3SwZc3)
07/01/2022, 2:49:19 - ERROR - Cannot get boards | ReferenceError: logger is not defined (sid: ucjKZaJZcyz2VleuqbwXBFnxRo3SwZc3)
07/01/2022, 2:49:24 - ERROR - Cannot get boards | ReferenceError: logger is not defined (sid: ucjKZaJZcyz2VleuqbwXBFnxRo3SwZc3)
07/01/2022, 2:49:56 - ERROR - Cannot get boards | ReferenceError: logger is not defined (sid: ucjKZaJZcyz2VleuqbwXBFnxRo3SwZc3)
07/01/2022, 2:50:14 - ERROR - Cannot get boards | ReferenceError: logger is not defined (sid: ucjKZaJZcyz2VleuqbwXBFnxRo3SwZc3)
07/01/2022, 2:51:36 - ERROR - Cannot get boards | ReferenceError: logger is not defined (sid: ucjKZaJZcyz2VleuqbwXBFnxRo3SwZc3)
07/01/2022, 2:52:02 - ERROR - Cannot get boards | ReferenceError: logger is not defined (sid: ucjKZaJZcyz2VleuqbwXBFnxRo3SwZc3)
07/01/2022, 2:52:16 - ERROR - Cannot get boards | ReferenceError: logger is not defined (sid: ucjKZaJZcyz2VleuqbwXBFnxRo3SwZc3)
07/01/2022, 2:52:52 - ERROR - Cannot get boards | ReferenceError: logger is not defined (sid: ucjKZaJZcyz2VleuqbwXBFnxRo3SwZc3)
07/01/2022, 13:13:59 - INFO - Server is running on port: 3030 
07/01/2022, 13:17:21 - ERROR - Cannot get boards | ReferenceError: logger is not defined (sid: ikF9fzG7qeQk9SvLBd0w5E609DzNfjil)
07/01/2022, 13:17:51 - ERROR - Cannot get boards | ReferenceError: logger is not defined (sid: JnFEwkBgv9xX54cZZgMBJEdpx1uv4X9i)
07/01/2022, 13:18:12 - ERROR - Cannot get boards | ReferenceError: logger is not defined (sid: ikF9fzG7qeQk9SvLBd0w5E609DzNfjil)
07/01/2022, 13:18:21 - ERROR - Cannot get boards | ReferenceError: logger is not defined (sid: ikF9fzG7qeQk9SvLBd0w5E609DzNfjil)
07/01/2022, 13:18:35 - ERROR - Cannot get boards | ReferenceError: logger is not defined (sid: ikF9fzG7qeQk9SvLBd0w5E609DzNfjil)
07/01/2022, 13:18:37 - ERROR - Cannot get boards | ReferenceError: logger is not defined (sid: ikF9fzG7qeQk9SvLBd0w5E609DzNfjil)
07/01/2022, 13:18:38 - ERROR - Cannot get boards | ReferenceError: logger is not defined (sid: ikF9fzG7qeQk9SvLBd0w5E609DzNfjil)
07/01/2022, 13:18:40 - ERROR - Cannot get boards | ReferenceError: logger is not defined (sid: ikF9fzG7qeQk9SvLBd0w5E609DzNfjil)
07/01/2022, 13:18:44 - ERROR - Cannot get boards | ReferenceError: logger is not defined (sid: JnFEwkBgv9xX54cZZgMBJEdpx1uv4X9i)
07/01/2022, 13:19:29 - ERROR - Cannot get boards | ReferenceError: logger is not defined (sid: JnFEwkBgv9xX54cZZgMBJEdpx1uv4X9i)
07/01/2022, 13:22:49 - ERROR - Cannot get boards | ReferenceError: logger is not defined (sid: JnFEwkBgv9xX54cZZgMBJEdpx1uv4X9i)
07/01/2022, 13:23:19 - ERROR - Cannot get boards | ReferenceError: logger is not defined (sid: JnFEwkBgv9xX54cZZgMBJEdpx1uv4X9i)
07/01/2022, 13:23:21 - ERROR - Cannot get boards | ReferenceError: logger is not defined (sid: JnFEwkBgv9xX54cZZgMBJEdpx1uv4X9i)
07/01/2022, 13:23:47 - ERROR - Cannot get boards | ReferenceError: logger is not defined (sid: JnFEwkBgv9xX54cZZgMBJEdpx1uv4X9i)
07/01/2022, 13:24:21 - ERROR - Cannot get boards | ReferenceError: logger is not defined (sid: JnFEwkBgv9xX54cZZgMBJEdpx1uv4X9i)
07/01/2022, 13:25:21 - ERROR - Cannot get boards | ReferenceError: logger is not defined (sid: JnFEwkBgv9xX54cZZgMBJEdpx1uv4X9i)
07/01/2022, 13:26:08 - ERROR - Cannot get boards | ReferenceError: logger is not defined (sid: JnFEwkBgv9xX54cZZgMBJEdpx1uv4X9i)
07/01/2022, 13:30:19 - ERROR - Cannot get boards | ReferenceError: logger is not defined (sid: JnFEwkBgv9xX54cZZgMBJEdpx1uv4X9i)
07/01/2022, 13:30:49 - ERROR - Cannot get boards | ReferenceError: logger is not defined (sid: JnFEwkBgv9xX54cZZgMBJEdpx1uv4X9i)
07/01/2022, 13:31:21 - ERROR - Cannot get boards | ReferenceError: logger is not defined (sid: JnFEwkBgv9xX54cZZgMBJEdpx1uv4X9i)
07/01/2022, 13:31:51 - ERROR - Cannot get boards | ReferenceError: logger is not defined (sid: JnFEwkBgv9xX54cZZgMBJEdpx1uv4X9i)
07/01/2022, 13:32:49 - ERROR - Cannot get boards | ReferenceError: logger is not defined (sid: JnFEwkBgv9xX54cZZgMBJEdpx1uv4X9i)
07/01/2022, 13:33:19 - ERROR - Cannot get boards | ReferenceError: logger is not defined (sid: JnFEwkBgv9xX54cZZgMBJEdpx1uv4X9i)
07/01/2022, 13:35:32 - ERROR - Cannot get boards | ReferenceError: logger is not defined (sid: JnFEwkBgv9xX54cZZgMBJEdpx1uv4X9i)
07/01/2022, 13:36:02 - ERROR - Cannot get boards | ReferenceError: logger is not defined (sid: JnFEwkBgv9xX54cZZgMBJEdpx1uv4X9i)
07/01/2022, 13:36:51 - ERROR - Cannot get boards | ReferenceError: logger is not defined (sid: JnFEwkBgv9xX54cZZgMBJEdpx1uv4X9i)
07/01/2022, 13:39:33 - ERROR - Cannot get boards | ReferenceError: logger is not defined (sid: JnFEwkBgv9xX54cZZgMBJEdpx1uv4X9i)
07/01/2022, 13:39:45 - ERROR - Cannot get boards | ReferenceError: logger is not defined (sid: JnFEwkBgv9xX54cZZgMBJEdpx1uv4X9i)
07/01/2022, 13:41:19 - ERROR - Cannot get boards | ReferenceError: logger is not defined (sid: JnFEwkBgv9xX54cZZgMBJEdpx1uv4X9i)
07/01/2022, 13:41:22 - ERROR - Cannot get boards | ReferenceError: logger is not defined (sid: JnFEwkBgv9xX54cZZgMBJEdpx1uv4X9i)
07/01/2022, 13:41:32 - ERROR - Cannot get boards | ReferenceError: logger is not defined (sid: JnFEwkBgv9xX54cZZgMBJEdpx1uv4X9i)
07/01/2022, 13:42:41 - ERROR - Cannot get boards | ReferenceError: logger is not defined (sid: JnFEwkBgv9xX54cZZgMBJEdpx1uv4X9i)
07/01/2022, 13:43:11 - ERROR - Cannot get boards | ReferenceError: logger is not defined (sid: JnFEwkBgv9xX54cZZgMBJEdpx1uv4X9i)
07/01/2022, 13:44:17 - ERROR - Cannot get boards | ReferenceError: logger is not defined (sid: JnFEwkBgv9xX54cZZgMBJEdpx1uv4X9i)
07/01/2022, 13:44:49 - ERROR - Cannot get boards | ReferenceError: logger is not defined (sid: JnFEwkBgv9xX54cZZgMBJEdpx1uv4X9i)
07/01/2022, 13:45:18 - ERROR - Cannot get boards | ReferenceError: logger is not defined (sid: JnFEwkBgv9xX54cZZgMBJEdpx1uv4X9i)
07/01/2022, 13:45:19 - ERROR - Cannot get boards | ReferenceError: logger is not defined (sid: JnFEwkBgv9xX54cZZgMBJEdpx1uv4X9i)
07/01/2022, 13:45:35 - ERROR - Cannot get boards | ReferenceError: logger is not defined (sid: JnFEwkBgv9xX54cZZgMBJEdpx1uv4X9i)
07/01/2022, 13:46:03 - ERROR - Cannot get boards | ReferenceError: logger is not defined (sid: JnFEwkBgv9xX54cZZgMBJEdpx1uv4X9i)
07/01/2022, 13:46:29 - ERROR - Cannot get boards | ReferenceError: logger is not defined (sid: JnFEwkBgv9xX54cZZgMBJEdpx1uv4X9i)
07/01/2022, 13:47:50 - ERROR - Cannot get boards | ReferenceError: logger is not defined (sid: JnFEwkBgv9xX54cZZgMBJEdpx1uv4X9i)
07/01/2022, 13:47:53 - ERROR - Cannot get boards | ReferenceError: logger is not defined (sid: JnFEwkBgv9xX54cZZgMBJEdpx1uv4X9i)
07/01/2022, 13:48:23 - ERROR - Cannot get boards | ReferenceError: logger is not defined (sid: JnFEwkBgv9xX54cZZgMBJEdpx1uv4X9i)
07/01/2022, 13:50:20 - ERROR - Cannot get boards | ReferenceError: logger is not defined (sid: JnFEwkBgv9xX54cZZgMBJEdpx1uv4X9i)
07/01/2022, 13:50:24 - ERROR - Cannot get boards | ReferenceError: logger is not defined (sid: JnFEwkBgv9xX54cZZgMBJEdpx1uv4X9i)
07/01/2022, 13:53:57 - ERROR - Cannot get boards | ReferenceError: logger is not defined (sid: JnFEwkBgv9xX54cZZgMBJEdpx1uv4X9i)
07/01/2022, 13:58:04 - ERROR - Cannot get boards | ReferenceError: logger is not defined (sid: JnFEwkBgv9xX54cZZgMBJEdpx1uv4X9i)
07/01/2022, 13:58:23 - ERROR - Cannot get boards | ReferenceError: logger is not defined (sid: JnFEwkBgv9xX54cZZgMBJEdpx1uv4X9i)
07/01/2022, 13:58:40 - ERROR - Cannot get boards | ReferenceError: logger is not defined (sid: JnFEwkBgv9xX54cZZgMBJEdpx1uv4X9i)
07/01/2022, 14:00:28 - ERROR - Cannot get boards | ReferenceError: logger is not defined (sid: JnFEwkBgv9xX54cZZgMBJEdpx1uv4X9i)
07/01/2022, 14:10:10 - ERROR - Cannot get boards | ReferenceError: logger is not defined (sid: JnFEwkBgv9xX54cZZgMBJEdpx1uv4X9i)
07/01/2022, 14:10:16 - ERROR - Cannot get boards | ReferenceError: logger is not defined (sid: JnFEwkBgv9xX54cZZgMBJEdpx1uv4X9i)
07/01/2022, 14:11:57 - ERROR - Cannot get boards | ReferenceError: logger is not defined (sid: JnFEwkBgv9xX54cZZgMBJEdpx1uv4X9i)
07/01/2022, 14:15:44 - ERROR - Cannot get boards | ReferenceError: logger is not defined (sid: JnFEwkBgv9xX54cZZgMBJEdpx1uv4X9i)
07/01/2022, 14:25:46 - ERROR - Cannot get boards | ReferenceError: logger is not defined (sid: JnFEwkBgv9xX54cZZgMBJEdpx1uv4X9i)
07/01/2022, 14:27:36 - ERROR - Cannot get boards | ReferenceError: logger is not defined (sid: JnFEwkBgv9xX54cZZgMBJEdpx1uv4X9i)
07/01/2022, 14:31:30 - ERROR - Cannot get boards | ReferenceError: logger is not defined (sid: JnFEwkBgv9xX54cZZgMBJEdpx1uv4X9i)
07/01/2022, 14:33:22 - ERROR - Cannot get boards | ReferenceError: logger is not defined (sid: JnFEwkBgv9xX54cZZgMBJEdpx1uv4X9i)
07/01/2022, 14:53:29 - ERROR - Cannot get boards | ReferenceError: logger is not defined (sid: JnFEwkBgv9xX54cZZgMBJEdpx1uv4X9i)
07/01/2022, 14:53:59 - ERROR - Cannot get boards | ReferenceError: logger is not defined (sid: JnFEwkBgv9xX54cZZgMBJEdpx1uv4X9i)
07/01/2022, 14:54:29 - ERROR - Cannot get boards | ReferenceError: logger is not defined (sid: JnFEwkBgv9xX54cZZgMBJEdpx1uv4X9i)
07/01/2022, 14:54:48 - ERROR - Cannot get boards | ReferenceError: logger is not defined (sid: JnFEwkBgv9xX54cZZgMBJEdpx1uv4X9i)
08/01/2022, 12:50:39 - INFO - Server is running on port: 3030 
08/01/2022, 19:35:55 - INFO - Server is running on port: 3030 
09/01/2022, 9:32:50 - DEBUG - auth.service - login with username: asd (sid: 67bBS8d_OdzpLiciD3kfLFrN7pHf2vNh)
09/01/2022, 9:32:51 - ERROR - Failed to Login Invalid username or password (sid: 67bBS8d_OdzpLiciD3kfLFrN7pHf2vNh)
09/01/2022, 9:33:12 - DEBUG - auth.service - signup with username: Evgeny mashkevich, fullname: a (sid: 67bBS8d_OdzpLiciD3kfLFrN7pHf2vNh)
09/01/2022, 9:33:12 - DEBUG - auth.route - new account created: {"username":"Evgeny mashkevich","password":"$2b$10$FClDxbFJhiB4fzXkGzl9xuqLh4C3gZ1WsoETTw0pZl.oMP152g0eG","fullname":"a","color":"rgb(226, 68, 92)","mentions":[],"_id":"61da8fb86a7ded3f5c256dbc"} (sid: 67bBS8d_OdzpLiciD3kfLFrN7pHf2vNh)
09/01/2022, 9:33:12 - DEBUG - auth.service - login with username: Evgeny mashkevich (sid: 67bBS8d_OdzpLiciD3kfLFrN7pHf2vNh)
09/01/2022, 9:33:12 - INFO - Req from: a (sid: 67bBS8d_OdzpLiciD3kfLFrN7pHf2vNh)
09/01/2022, 9:33:17 - INFO - Req from: a (sid: 67bBS8d_OdzpLiciD3kfLFrN7pHf2vNh)
09/01/2022, 9:34:03 - INFO - Req from: a (sid: 67bBS8d_OdzpLiciD3kfLFrN7pHf2vNh)
09/01/2022, 9:34:38 - INFO - Req from: a (sid: 67bBS8d_OdzpLiciD3kfLFrN7pHf2vNh)
09/01/2022, 9:35:31 - INFO - Req from: a (sid: 67bBS8d_OdzpLiciD3kfLFrN7pHf2vNh)
09/01/2022, 9:38:58 - INFO - Req from: a (sid: 67bBS8d_OdzpLiciD3kfLFrN7pHf2vNh)
09/01/2022, 9:39:39 - INFO - Req from: a (sid: 67bBS8d_OdzpLiciD3kfLFrN7pHf2vNh)
09/01/2022, 9:42:05 - INFO - Req from: a (sid: 67bBS8d_OdzpLiciD3kfLFrN7pHf2vNh)
09/01/2022, 9:44:22 - INFO - Req from: a (sid: 67bBS8d_OdzpLiciD3kfLFrN7pHf2vNh)
09/01/2022, 9:47:07 - INFO - Req from: a (sid: 67bBS8d_OdzpLiciD3kfLFrN7pHf2vNh)
09/01/2022, 9:47:27 - INFO - Req from: a (sid: 67bBS8d_OdzpLiciD3kfLFrN7pHf2vNh)
09/01/2022, 9:47:31 - INFO - Req from: a (sid: 67bBS8d_OdzpLiciD3kfLFrN7pHf2vNh)
09/01/2022, 9:49:17 - INFO - Req from: a (sid: 67bBS8d_OdzpLiciD3kfLFrN7pHf2vNh)
09/01/2022, 9:50:09 - INFO - Req from: a (sid: 67bBS8d_OdzpLiciD3kfLFrN7pHf2vNh)
09/01/2022, 9:50:18 - INFO - Req from: a (sid: 67bBS8d_OdzpLiciD3kfLFrN7pHf2vNh)
09/01/2022, 9:50:52 - INFO - Req from: a (sid: 67bBS8d_OdzpLiciD3kfLFrN7pHf2vNh)
09/01/2022, 9:59:48 - INFO - Req from: a (sid: 67bBS8d_OdzpLiciD3kfLFrN7pHf2vNh)
09/01/2022, 10:05:57 - INFO - Req from: a (sid: 67bBS8d_OdzpLiciD3kfLFrN7pHf2vNh)
09/01/2022, 10:06:02 - INFO - Req from: a (sid: 67bBS8d_OdzpLiciD3kfLFrN7pHf2vNh)
09/01/2022, 10:06:31 - INFO - Req from: a (sid: 67bBS8d_OdzpLiciD3kfLFrN7pHf2vNh)
09/01/2022, 10:06:41 - INFO - Req from: a (sid: 67bBS8d_OdzpLiciD3kfLFrN7pHf2vNh)
09/01/2022, 10:06:54 - INFO - Req from: a (sid: 67bBS8d_OdzpLiciD3kfLFrN7pHf2vNh)
09/01/2022, 10:07:40 - INFO - Req from: a (sid: 67bBS8d_OdzpLiciD3kfLFrN7pHf2vNh)
09/01/2022, 10:07:47 - INFO - Req from: a (sid: 67bBS8d_OdzpLiciD3kfLFrN7pHf2vNh)
09/01/2022, 10:08:34 - INFO - Req from: a (sid: 67bBS8d_OdzpLiciD3kfLFrN7pHf2vNh)
09/01/2022, 10:10:12 - INFO - Req from: a (sid: 67bBS8d_OdzpLiciD3kfLFrN7pHf2vNh)
09/01/2022, 10:10:16 - INFO - Req from: a (sid: 67bBS8d_OdzpLiciD3kfLFrN7pHf2vNh)
09/01/2022, 10:13:29 - INFO - Req from: a (sid: 67bBS8d_OdzpLiciD3kfLFrN7pHf2vNh)
09/01/2022, 10:13:35 - INFO - Req from: a (sid: 67bBS8d_OdzpLiciD3kfLFrN7pHf2vNh)
09/01/2022, 10:13:38 - INFO - Req from: a (sid: 67bBS8d_OdzpLiciD3kfLFrN7pHf2vNh)
09/01/2022, 10:13:51 - INFO - Req from: a (sid: 67bBS8d_OdzpLiciD3kfLFrN7pHf2vNh)
09/01/2022, 10:13:56 - INFO - Req from: a (sid: 67bBS8d_OdzpLiciD3kfLFrN7pHf2vNh)
09/01/2022, 10:14:10 - INFO - Req from: a (sid: 67bBS8d_OdzpLiciD3kfLFrN7pHf2vNh)
09/01/2022, 10:14:37 - INFO - Req from: a (sid: 67bBS8d_OdzpLiciD3kfLFrN7pHf2vNh)
09/01/2022, 10:15:46 - INFO - Req from: a (sid: 67bBS8d_OdzpLiciD3kfLFrN7pHf2vNh)
09/01/2022, 10:31:18 - INFO - Req from: a (sid: 67bBS8d_OdzpLiciD3kfLFrN7pHf2vNh)
09/01/2022, 10:31:56 - INFO - Req from: a (sid: 67bBS8d_OdzpLiciD3kfLFrN7pHf2vNh)
09/01/2022, 10:32:37 - INFO - Req from: a (sid: 67bBS8d_OdzpLiciD3kfLFrN7pHf2vNh)
09/01/2022, 10:33:59 - INFO - Req from: a (sid: 67bBS8d_OdzpLiciD3kfLFrN7pHf2vNh)
09/01/2022, 10:34:29 - INFO - Req from: a (sid: 67bBS8d_OdzpLiciD3kfLFrN7pHf2vNh)
09/01/2022, 10:37:22 - INFO - Req from: a (sid: 67bBS8d_OdzpLiciD3kfLFrN7pHf2vNh)
09/01/2022, 10:39:46 - INFO - Req from: a (sid: 67bBS8d_OdzpLiciD3kfLFrN7pHf2vNh)
09/01/2022, 10:44:05 - INFO - Req from: a (sid: 67bBS8d_OdzpLiciD3kfLFrN7pHf2vNh)
09/01/2022, 10:54:17 - INFO - Req from: a (sid: 67bBS8d_OdzpLiciD3kfLFrN7pHf2vNh)
09/01/2022, 10:55:16 - INFO - Req from: a (sid: 67bBS8d_OdzpLiciD3kfLFrN7pHf2vNh)
09/01/2022, 10:55:20 - INFO - Req from: a (sid: 67bBS8d_OdzpLiciD3kfLFrN7pHf2vNh)
09/01/2022, 10:55:28 - INFO - Req from: a (sid: 67bBS8d_OdzpLiciD3kfLFrN7pHf2vNh)
09/01/2022, 10:59:07 - INFO - Req from: a (sid: 67bBS8d_OdzpLiciD3kfLFrN7pHf2vNh)
09/01/2022, 10:59:09 - INFO - Req from: a (sid: 67bBS8d_OdzpLiciD3kfLFrN7pHf2vNh)
09/01/2022, 11:00:56 - INFO - Req from: a (sid: 67bBS8d_OdzpLiciD3kfLFrN7pHf2vNh)
09/01/2022, 11:00:57 - INFO - Req from: a (sid: 67bBS8d_OdzpLiciD3kfLFrN7pHf2vNh)
09/01/2022, 11:01:21 - INFO - Req from: a (sid: 67bBS8d_OdzpLiciD3kfLFrN7pHf2vNh)
09/01/2022, 11:01:23 - INFO - Req from: a (sid: 67bBS8d_OdzpLiciD3kfLFrN7pHf2vNh)
09/01/2022, 11:01:47 - INFO - Req from: a (sid: 67bBS8d_OdzpLiciD3kfLFrN7pHf2vNh)
09/01/2022, 11:02:10 - INFO - Req from: a (sid: 67bBS8d_OdzpLiciD3kfLFrN7pHf2vNh)
09/01/2022, 11:02:26 - INFO - Req from: a (sid: 67bBS8d_OdzpLiciD3kfLFrN7pHf2vNh)
09/01/2022, 11:02:30 - INFO - Req from: a (sid: 67bBS8d_OdzpLiciD3kfLFrN7pHf2vNh)
09/01/2022, 11:03:35 - INFO - Req from: a (sid: 67bBS8d_OdzpLiciD3kfLFrN7pHf2vNh)
09/01/2022, 11:03:55 - INFO - Req from: a (sid: 67bBS8d_OdzpLiciD3kfLFrN7pHf2vNh)
09/01/2022, 11:04:07 - INFO - Req from: a (sid: 67bBS8d_OdzpLiciD3kfLFrN7pHf2vNh)
09/01/2022, 11:04:24 - INFO - Req from: a (sid: 67bBS8d_OdzpLiciD3kfLFrN7pHf2vNh)
09/01/2022, 11:04:35 - INFO - Req from: a (sid: 67bBS8d_OdzpLiciD3kfLFrN7pHf2vNh)
09/01/2022, 11:04:58 - INFO - Req from: a (sid: 67bBS8d_OdzpLiciD3kfLFrN7pHf2vNh)
09/01/2022, 11:05:09 - INFO - Req from: a (sid: 67bBS8d_OdzpLiciD3kfLFrN7pHf2vNh)
09/01/2022, 11:06:05 - INFO - Req from: a (sid: 67bBS8d_OdzpLiciD3kfLFrN7pHf2vNh)
09/01/2022, 11:06:31 - INFO - Req from: a (sid: 67bBS8d_OdzpLiciD3kfLFrN7pHf2vNh)
09/01/2022, 11:06:35 - INFO - Req from: a (sid: 67bBS8d_OdzpLiciD3kfLFrN7pHf2vNh)
09/01/2022, 11:06:38 - INFO - Req from: a (sid: 67bBS8d_OdzpLiciD3kfLFrN7pHf2vNh)
09/01/2022, 11:06:42 - INFO - Req from: a (sid: 67bBS8d_OdzpLiciD3kfLFrN7pHf2vNh)
09/01/2022, 11:06:47 - INFO - Req from: a (sid: 67bBS8d_OdzpLiciD3kfLFrN7pHf2vNh)
09/01/2022, 11:07:56 - INFO - Req from: a (sid: 67bBS8d_OdzpLiciD3kfLFrN7pHf2vNh)
09/01/2022, 11:07:58 - INFO - Req from: a (sid: 67bBS8d_OdzpLiciD3kfLFrN7pHf2vNh)
09/01/2022, 11:08:48 - INFO - Req from: a (sid: 67bBS8d_OdzpLiciD3kfLFrN7pHf2vNh)
09/01/2022, 11:08:53 - INFO - Req from: a (sid: 67bBS8d_OdzpLiciD3kfLFrN7pHf2vNh)
09/01/2022, 11:09:14 - INFO - Req from: a (sid: 67bBS8d_OdzpLiciD3kfLFrN7pHf2vNh)
09/01/2022, 11:09:27 - INFO - Req from: a (sid: 67bBS8d_OdzpLiciD3kfLFrN7pHf2vNh)
09/01/2022, 11:10:08 - INFO - Req from: a (sid: 67bBS8d_OdzpLiciD3kfLFrN7pHf2vNh)
09/01/2022, 11:12:16 - INFO - Req from: a (sid: 67bBS8d_OdzpLiciD3kfLFrN7pHf2vNh)
09/01/2022, 11:12:17 - INFO - Req from: a (sid: 67bBS8d_OdzpLiciD3kfLFrN7pHf2vNh)
09/01/2022, 11:13:15 - INFO - Req from: a (sid: 67bBS8d_OdzpLiciD3kfLFrN7pHf2vNh)
09/01/2022, 11:13:53 - INFO - Req from: a (sid: 67bBS8d_OdzpLiciD3kfLFrN7pHf2vNh)
09/01/2022, 11:14:26 - INFO - Req from: a (sid: 67bBS8d_OdzpLiciD3kfLFrN7pHf2vNh)
09/01/2022, 11:15:13 - INFO - Req from: a (sid: 67bBS8d_OdzpLiciD3kfLFrN7pHf2vNh)
09/01/2022, 11:15:13 - INFO - Req from: a (sid: 67bBS8d_OdzpLiciD3kfLFrN7pHf2vNh)
09/01/2022, 11:15:37 - INFO - Req from: a (sid: 67bBS8d_OdzpLiciD3kfLFrN7pHf2vNh)
09/01/2022, 11:15:56 - INFO - Req from: a (sid: 67bBS8d_OdzpLiciD3kfLFrN7pHf2vNh)
09/01/2022, 11:16:21 - INFO - Req from: a (sid: 67bBS8d_OdzpLiciD3kfLFrN7pHf2vNh)
09/01/2022, 11:16:21 - INFO - Req from: a (sid: 67bBS8d_OdzpLiciD3kfLFrN7pHf2vNh)
09/01/2022, 11:17:10 - INFO - Req from: a (sid: 67bBS8d_OdzpLiciD3kfLFrN7pHf2vNh)
09/01/2022, 11:17:14 - INFO - Req from: a (sid: 67bBS8d_OdzpLiciD3kfLFrN7pHf2vNh)
09/01/2022, 11:18:31 - INFO - Req from: a (sid: 67bBS8d_OdzpLiciD3kfLFrN7pHf2vNh)
09/01/2022, 11:19:34 - INFO - Req from: a (sid: 67bBS8d_OdzpLiciD3kfLFrN7pHf2vNh)
09/01/2022, 11:19:34 - INFO - Req from: a (sid: 67bBS8d_OdzpLiciD3kfLFrN7pHf2vNh)
09/01/2022, 11:21:56 - INFO - Req from: a (sid: 67bBS8d_OdzpLiciD3kfLFrN7pHf2vNh)
09/01/2022, 11:23:33 - INFO - Req from: a (sid: 67bBS8d_OdzpLiciD3kfLFrN7pHf2vNh)
09/01/2022, 11:23:39 - INFO - Req from: a (sid: 67bBS8d_OdzpLiciD3kfLFrN7pHf2vNh)
09/01/2022, 11:23:45 - INFO - Req from: a (sid: 67bBS8d_OdzpLiciD3kfLFrN7pHf2vNh)
09/01/2022, 11:24:30 - INFO - Req from: a (sid: 67bBS8d_OdzpLiciD3kfLFrN7pHf2vNh)
09/01/2022, 11:24:33 - INFO - Req from: a (sid: 67bBS8d_OdzpLiciD3kfLFrN7pHf2vNh)
09/01/2022, 11:25:11 - INFO - Req from: a (sid: 67bBS8d_OdzpLiciD3kfLFrN7pHf2vNh)
09/01/2022, 11:27:40 - INFO - Req from: a (sid: 67bBS8d_OdzpLiciD3kfLFrN7pHf2vNh)
09/01/2022, 11:27:47 - INFO - Req from: a (sid: 67bBS8d_OdzpLiciD3kfLFrN7pHf2vNh)
09/01/2022, 11:27:53 - INFO - Req from: a (sid: 67bBS8d_OdzpLiciD3kfLFrN7pHf2vNh)
09/01/2022, 11:27:58 - INFO - Req from: a (sid: 67bBS8d_OdzpLiciD3kfLFrN7pHf2vNh)
